-------------------------------------------------------------------------------
Test set: runner.TestRunner
-------------------------------------------------------------------------------
Tests run: 1, Failures: 1, Errors: 0, Skipped: 0, Time elapsed: 0.645 sec <<< FAILURE!
MT940(Statements)  Time elapsed: 0.037 sec  <<< FAILURE!
java.lang.AssertionError: Failure here
	at org.junit.Assert.fail(Assert.java:88)
	at steps.Statements.create_mt940(Statements.java:12)
	at ?.Create MT940(file:src/test/java/features/Statements.feature:5)

