<?xml version="1.0" encoding="UTF-8" ?>
<testsuite failures="1" time="0.037" errors="0" skipped="0" tests="1" name="runner.TestRunner">
  <properties>
[...]
</properties>
  <testcase time="0.037" classname="Statements" name="MT940">
    <failure message="Failure here" type="java.lang.AssertionError">java.lang.AssertionError: Failure here
	at org.junit.Assert.fail(Assert.java:88)
	at steps.Statements.create_mt940(Statements.java:12)
	at ✽.Create MT940(file:src/test/java/features/Statements.feature:5)
</failure>
    <system-out>Feature: Statements

  Scenario: MT940      # src/test/java/features/Statements.feature:3
Hello
    Given Create MT940 # Statements.create_mt940()
      java.lang.AssertionError: Failure here
	at org.junit.Assert.fail(Assert.java:88)
	at steps.Statements.create_mt940(Statements.java:12)
	at ?.Create MT940(file:src/test/java/features/Statements.feature:5)

</system-out>
  </testcase>
</testsuite>